#
# There is insufficient memory for the Java Runtime Environment to continue.
# Native memory allocation (malloc) failed to allocate 439216 bytes. Error detail: Chunk::new
# Possible reasons:
#   The system is out of physical RAM or swap space
#   This process is running with CompressedOops enabled, and the Java Heap may be blocking the growth of the native heap
# Possible solutions:
#   Reduce memory load on the system
#   Increase physical memory or swap space
#   Check if swap backing store is full
#   Decrease Java heap size (-Xmx/-Xms)
#   Decrease number of Java threads
#   Decrease Java thread stack sizes (-Xss)
#   Set larger code cache with -XX:ReservedCodeCacheSize=
#   JVM is running with Zero Based Compressed Oops mode in which the Java heap is
#     placed in the first 32GB address space. The Java Heap base address is the
#     maximum limit for the native heap growth. Please use -XX:HeapBaseMinAddress
#     to set the Java Heap base and to place the Java Heap above 32GB virtual address.
# This output file may be truncated or incomplete.
#
#  Out of Memory Error (arena.cpp:168), pid=10528, tid=9928
#
# JRE version: OpenJDK Runtime Environment (21.0.3) (build 21.0.3+-12282718-b509.11)
# Java VM: OpenJDK 64-Bit Server VM (21.0.3+-12282718-b509.11, mixed mode, tiered, compressed oops, compressed class ptrs, g1 gc, windows-amd64)
# No core dump will be written. Minidumps are not enabled by default on client versions of Windows
#

---------------  S U M M A R Y ------------

Command Line: git4idea.http.GitAskPassApp Username for 'https://github.com': 

Host: 11th Gen Intel(R) Core(TM) i7-11800H @ 2.30GHz, 16 cores, 15G,  Windows 10 , 64 bit Build 19041 (10.0.19041.5438)
Time: Fri Mar 14 17:28:49 2025 SE Asia Standard Time elapsed time: 0.377447 seconds (0d 0h 0m 0s)

---------------  T H R E A D  ---------------

Current thread (0x000001bc7d285e70):  JavaThread "C2 CompilerThread2" daemon [_thread_in_native, id=9928, stack(0x0000007c8e000000,0x0000007c8e100000) (1024K)]


Current CompileTask:
C2:    377 1147       4       sun.security.ec.ECOperations::setDouble (463 bytes)

Stack: [0x0000007c8e000000,0x0000007c8e100000]
Native frames: (J=compiled Java code, j=interpreted, Vv=VM code, C=native code)
V  [jvm.dll+0x6cafb9]
V  [jvm.dll+0x858523]
V  [jvm.dll+0x85aa7e]
V  [jvm.dll+0x85b163]
V  [jvm.dll+0x27d356]
V  [jvm.dll+0xbf93d]
V  [jvm.dll+0xbfe73]
V  [jvm.dll+0x2f0eb1]
V  [jvm.dll+0x5f5a39]
V  [jvm.dll+0x24fad2]
V  [jvm.dll+0x2484ba]
V  [jvm.dll+0x245fce]
V  [jvm.dll+0x1c5804]
V  [jvm.dll+0x25575c]
V  [jvm.dll+0x253c36]
V  [jvm.dll+0x3ec996]
V  [jvm.dll+0x800d78]
V  [jvm.dll+0x6c98cd]
C  [ucrtbase.dll+0x21bb2]
C  [KERNEL32.DLL+0x17374]
C  [ntdll.dll+0x4cc91]


---------------  P R O C E S S  ---------------

Threads class SMR info:
_java_thread_list=0x000001bc7d14ce50, length=18, elements={
0x000001bc5fc31cd0, 0x000001bc7c8b56c0, 0x000001bc7c8b69f0, 0x000001bc7c8c8e00,
0x000001bc7c8c9a70, 0x000001bc7c8caae0, 0x000001bc7c8cb950, 0x000001bc7c8ce6f0,
0x000001bc7c900310, 0x000001bc7ca65a00, 0x000001bc7caad080, 0x000001bc7cac13a0,
0x000001bc7d145430, 0x000001bc7d198ad0, 0x000001bc7d1aed20, 0x000001bc7d22b950,
0x000001bc7d285e70, 0x000001bc7d28b390
}

Java Threads: ( => current thread )
  0x000001bc5fc31cd0 JavaThread "main"                              [_thread_blocked, id=19872, stack(0x0000007c8c800000,0x0000007c8c900000) (1024K)]
  0x000001bc7c8b56c0 JavaThread "Reference Handler"          daemon [_thread_blocked, id=4868, stack(0x0000007c8d000000,0x0000007c8d100000) (1024K)]
  0x000001bc7c8b69f0 JavaThread "Finalizer"                  daemon [_thread_blocked, id=15044, stack(0x0000007c8d100000,0x0000007c8d200000) (1024K)]
  0x000001bc7c8c8e00 JavaThread "Signal Dispatcher"          daemon [_thread_blocked, id=992, stack(0x0000007c8d200000,0x0000007c8d300000) (1024K)]
  0x000001bc7c8c9a70 JavaThread "Attach Listener"            daemon [_thread_blocked, id=4896, stack(0x0000007c8d300000,0x0000007c8d400000) (1024K)]
  0x000001bc7c8caae0 JavaThread "Service Thread"             daemon [_thread_blocked, id=16872, stack(0x0000007c8d400000,0x0000007c8d500000) (1024K)]
  0x000001bc7c8cb950 JavaThread "Monitor Deflation Thread"   daemon [_thread_blocked, id=14924, stack(0x0000007c8d500000,0x0000007c8d600000) (1024K)]
  0x000001bc7c8ce6f0 JavaThread "C2 CompilerThread0"         daemon [_thread_blocked, id=15268, stack(0x0000007c8d600000,0x0000007c8d700000) (1024K)]
  0x000001bc7c900310 JavaThread "C1 CompilerThread0"         daemon [_thread_blocked, id=10464, stack(0x0000007c8d700000,0x0000007c8d800000) (1024K)]
  0x000001bc7ca65a00 JavaThread "C1 CompilerThread1"         daemon [_thread_blocked, id=5440, stack(0x0000007c8d800000,0x0000007c8d900000) (1024K)]
  0x000001bc7caad080 JavaThread "Notification Thread"        daemon [_thread_blocked, id=15004, stack(0x0000007c8d900000,0x0000007c8da00000) (1024K)]
  0x000001bc7cac13a0 JavaThread "Common-Cleaner"             daemon [_thread_blocked, id=19620, stack(0x0000007c8da00000,0x0000007c8db00000) (1024K)]
  0x000001bc7d145430 JavaThread "HttpClient-1-SelectorManager" daemon [_thread_in_native, id=13132, stack(0x0000007c8db00000,0x0000007c8dc00000) (1024K)]
  0x000001bc7d198ad0 JavaThread "HttpClient-1-Worker-0"      daemon [_thread_blocked, id=1040, stack(0x0000007c8dd00000,0x0000007c8de00000) (1024K)]
  0x000001bc7d1aed20 JavaThread "HttpClient-1-Worker-1"      daemon [_thread_blocked, id=12456, stack(0x0000007c8de00000,0x0000007c8df00000) (1024K)]
  0x000001bc7d22b950 JavaThread "C2 CompilerThread1"         daemon [_thread_blocked, id=17876, stack(0x0000007c8df00000,0x0000007c8e000000) (1024K)]
=>0x000001bc7d285e70 JavaThread "C2 CompilerThread2"         daemon [_thread_in_native, id=9928, stack(0x0000007c8e000000,0x0000007c8e100000) (1024K)]
  0x000001bc7d28b390 JavaThread "C2 CompilerThread3"         daemon [_thread_blocked, id=13992, stack(0x0000007c8e100000,0x0000007c8e200000) (1024K)]
Total: 18

Other Threads:
  0x000001bc7c858b00 VMThread "VM Thread"                           [id=6196, stack(0x0000007c8cf00000,0x0000007c8d000000) (1024K)]
  0x000001bc7c68f070 WatcherThread "VM Periodic Task Thread"        [id=17204, stack(0x0000007c8ce00000,0x0000007c8cf00000) (1024K)]
  0x000001bc5fcfe550 WorkerThread "GC Thread#0"                     [id=13500, stack(0x0000007c8c900000,0x0000007c8ca00000) (1024K)]
  0x000001bc61e73770 ConcurrentGCThread "G1 Main Marker"            [id=8792, stack(0x0000007c8ca00000,0x0000007c8cb00000) (1024K)]
  0x000001bc61e77840 WorkerThread "G1 Conc#0"                       [id=9556, stack(0x0000007c8cb00000,0x0000007c8cc00000) (1024K)]
  0x000001bc7c55f160 ConcurrentGCThread "G1 Refine#0"               [id=8640, stack(0x0000007c8cc00000,0x0000007c8cd00000) (1024K)]
  0x000001bc7c55fae0 ConcurrentGCThread "G1 Service"                [id=2620, stack(0x0000007c8cd00000,0x0000007c8ce00000) (1024K)]
Total: 7

Threads with active compile tasks:
C2 CompilerThread2      394 1147       4       sun.security.ec.ECOperations::setDouble (463 bytes)
Total: 1

VM state: not at safepoint (normal execution)

VM Mutex/Monitor currently owned by a thread: None

Heap address: 0x0000000704a00000, size: 4022 MB, Compressed Oops mode: Zero based, Oop shift amount: 3

CDS archive(s) not mapped
Compressed class space mapped at: 0x0000000800000000-0x0000000840000000, reserved size: 1073741824
Narrow klass base: 0x0000000800000000, Narrow klass shift: 0, Narrow klass range: 0x40000000

GC Precious Log:
 CardTable entry size: 512
 Card Set container configuration: InlinePtr #cards 4 size 8 Array Of Cards #cards 16 size 48 Howl #buckets 8 coarsen threshold 3686 Howl Bitmap #cards 512 size 80 coarsen threshold 460 Card regions per heap region 1 cards per card region 4096
 CPUs: 16 total, 16 available
 Memory: 16085M
 Large Page Support: Disabled
 NUMA Support: Disabled
 Compressed Oops: Enabled (Zero based)
 Heap Region Size: 2M
 Heap Min Capacity: 8M
 Heap Initial Capacity: 252M
 Heap Max Capacity: 4022M
 Pre-touch: Disabled
 Parallel Workers: 13
 Concurrent Workers: 3
 Concurrent Refinement Workers: 13
 Periodic GC: Disabled

Heap:
 garbage-first heap   total 258048K, used 14336K [0x0000000704a00000, 0x0000000800000000)
  region size 2048K, 8 young (16384K), 0 survivors (0K)
 Metaspace       used 15747K, committed 16000K, reserved 1114112K
  class space    used 1664K, committed 1792K, reserved 1048576K

Heap Regions: E=young(eden), S=young(survivor), O=old, HS=humongous(starts), HC=humongous(continues), CS=collection set, F=free, TAMS=top-at-mark-start, PB=parsable bottom
|   0|0x0000000704a00000, 0x0000000704a00000, 0x0000000704c00000|  0%| F|  |TAMS 0x0000000704a00000| PB 0x0000000704a00000| Untracked 
|   1|0x0000000704c00000, 0x0000000704c00000, 0x0000000704e00000|  0%| F|  |TAMS 0x0000000704c00000| PB 0x0000000704c00000| Untracked 
|   2|0x0000000704e00000, 0x0000000704e00000, 0x0000000705000000|  0%| F|  |TAMS 0x0000000704e00000| PB 0x0000000704e00000| Untracked 
|   3|0x0000000705000000, 0x0000000705000000, 0x0000000705200000|  0%| F|  |TAMS 0x0000000705000000| PB 0x0000000705000000| Untracked 
|   4|0x0000000705200000, 0x0000000705200000, 0x0000000705400000|  0%| F|  |TAMS 0x0000000705200000| PB 0x0000000705200000| Untracked 
|   5|0x0000000705400000, 0x0000000705400000, 0x0000000705600000|  0%| F|  |TAMS 0x0000000705400000| PB 0x0000000705400000| Untracked 
|   6|0x0000000705600000, 0x0000000705600000, 0x0000000705800000|  0%| F|  |TAMS 0x0000000705600000| PB 0x0000000705600000| Untracked 
|   7|0x0000000705800000, 0x0000000705800000, 0x0000000705a00000|  0%| F|  |TAMS 0x0000000705800000| PB 0x0000000705800000| Untracked 
|   8|0x0000000705a00000, 0x0000000705a00000, 0x0000000705c00000|  0%| F|  |TAMS 0x0000000705a00000| PB 0x0000000705a00000| Untracked 
|   9|0x0000000705c00000, 0x0000000705c00000, 0x0000000705e00000|  0%| F|  |TAMS 0x0000000705c00000| PB 0x0000000705c00000| Untracked 
|  10|0x0000000705e00000, 0x0000000705e00000, 0x0000000706000000|  0%| F|  |TAMS 0x0000000705e00000| PB 0x0000000705e00000| Untracked 
|  11|0x0000000706000000, 0x0000000706000000, 0x0000000706200000|  0%| F|  |TAMS 0x0000000706000000| PB 0x0000000706000000| Untracked 
|  12|0x0000000706200000, 0x0000000706200000, 0x0000000706400000|  0%| F|  |TAMS 0x0000000706200000| PB 0x0000000706200000| Untracked 
|  13|0x0000000706400000, 0x0000000706400000, 0x0000000706600000|  0%| F|  |TAMS 0x0000000706400000| PB 0x0000000706400000| Untracked 
|  14|0x0000000706600000, 0x0000000706600000, 0x0000000706800000|  0%| F|  |TAMS 0x0000000706600000| PB 0x0000000706600000| Untracked 
|  15|0x0000000706800000, 0x0000000706800000, 0x0000000706a00000|  0%| F|  |TAMS 0x0000000706800000| PB 0x0000000706800000| Untracked 
|  16|0x0000000706a00000, 0x0000000706a00000, 0x0000000706c00000|  0%| F|  |TAMS 0x0000000706a00000| PB 0x0000000706a00000| Untracked 
|  17|0x0000000706c00000, 0x0000000706c00000, 0x0000000706e00000|  0%| F|  |TAMS 0x0000000706c00000| PB 0x0000000706c00000| Untracked 
|  18|0x0000000706e00000, 0x0000000706e00000, 0x0000000707000000|  0%| F|  |TAMS 0x0000000706e00000| PB 0x0000000706e00000| Untracked 
|  19|0x0000000707000000, 0x0000000707000000, 0x0000000707200000|  0%| F|  |TAMS 0x0000000707000000| PB 0x0000000707000000| Untracked 
|  20|0x0000000707200000, 0x0000000707200000, 0x0000000707400000|  0%| F|  |TAMS 0x0000000707200000| PB 0x0000000707200000| Untracked 
|  21|0x0000000707400000, 0x0000000707400000, 0x0000000707600000|  0%| F|  |TAMS 0x0000000707400000| PB 0x0000000707400000| Untracked 
|  22|0x0000000707600000, 0x0000000707600000, 0x0000000707800000|  0%| F|  |TAMS 0x0000000707600000| PB 0x0000000707600000| Untracked 
|  23|0x0000000707800000, 0x0000000707800000, 0x0000000707a00000|  0%| F|  |TAMS 0x0000000707800000| PB 0x0000000707800000| Untracked 
|  24|0x0000000707a00000, 0x0000000707a00000, 0x0000000707c00000|  0%| F|  |TAMS 0x0000000707a00000| PB 0x0000000707a00000| Untracked 
|  25|0x0000000707c00000, 0x0000000707c00000, 0x0000000707e00000|  0%| F|  |TAMS 0x0000000707c00000| PB 0x0000000707c00000| Untracked 
|  26|0x0000000707e00000, 0x0000000707e00000, 0x0000000708000000|  0%| F|  |TAMS 0x0000000707e00000| PB 0x0000000707e00000| Untracked 
|  27|0x0000000708000000, 0x0000000708000000, 0x0000000708200000|  0%| F|  |TAMS 0x0000000708000000| PB 0x0000000708000000| Untracked 
|  28|0x0000000708200000, 0x0000000708200000, 0x0000000708400000|  0%| F|  |TAMS 0x0000000708200000| PB 0x0000000708200000| Untracked 
|  29|0x0000000708400000, 0x0000000708400000, 0x0000000708600000|  0%| F|  |TAMS 0x0000000708400000| PB 0x0000000708400000| Untracked 
|  30|0x0000000708600000, 0x0000000708600000, 0x0000000708800000|  0%| F|  |TAMS 0x0000000708600000| PB 0x0000000708600000| Untracked 
|  31|0x0000000708800000, 0x0000000708800000, 0x0000000708a00000|  0%| F|  |TAMS 0x0000000708800000| PB 0x0000000708800000| Untracked 
|  32|0x0000000708a00000, 0x0000000708a00000, 0x0000000708c00000|  0%| F|  |TAMS 0x0000000708a00000| PB 0x0000000708a00000| Untracked 
|  33|0x0000000708c00000, 0x0000000708c00000, 0x0000000708e00000|  0%| F|  |TAMS 0x0000000708c00000| PB 0x0000000708c00000| Untracked 
|  34|0x0000000708e00000, 0x0000000708e00000, 0x0000000709000000|  0%| F|  |TAMS 0x0000000708e00000| PB 0x0000000708e00000| Untracked 
|  35|0x0000000709000000, 0x0000000709000000, 0x0000000709200000|  0%| F|  |TAMS 0x0000000709000000| PB 0x0000000709000000| Untracked 
|  36|0x0000000709200000, 0x0000000709200000, 0x0000000709400000|  0%| F|  |TAMS 0x0000000709200000| PB 0x0000000709200000| Untracked 
|  37|0x0000000709400000, 0x0000000709400000, 0x0000000709600000|  0%| F|  |TAMS 0x0000000709400000| PB 0x0000000709400000| Untracked 
|  38|0x0000000709600000, 0x0000000709600000, 0x0000000709800000|  0%| F|  |TAMS 0x0000000709600000| PB 0x0000000709600000| Untracked 
|  39|0x0000000709800000, 0x0000000709800000, 0x0000000709a00000|  0%| F|  |TAMS 0x0000000709800000| PB 0x0000000709800000| Untracked 
|  40|0x0000000709a00000, 0x0000000709a00000, 0x0000000709c00000|  0%| F|  |TAMS 0x0000000709a00000| PB 0x0000000709a00000| Untracked 
|  41|0x0000000709c00000, 0x0000000709c00000, 0x0000000709e00000|  0%| F|  |TAMS 0x0000000709c00000| PB 0x0000000709c00000| Untracked 
|  42|0x0000000709e00000, 0x0000000709e00000, 0x000000070a000000|  0%| F|  |TAMS 0x0000000709e00000| PB 0x0000000709e00000| Untracked 
|  43|0x000000070a000000, 0x000000070a000000, 0x000000070a200000|  0%| F|  |TAMS 0x000000070a000000| PB 0x000000070a000000| Untracked 
|  44|0x000000070a200000, 0x000000070a200000, 0x000000070a400000|  0%| F|  |TAMS 0x000000070a200000| PB 0x000000070a200000| Untracked 
|  45|0x000000070a400000, 0x000000070a400000, 0x000000070a600000|  0%| F|  |TAMS 0x000000070a400000| PB 0x000000070a400000| Untracked 
|  46|0x000000070a600000, 0x000000070a600000, 0x000000070a800000|  0%| F|  |TAMS 0x000000070a600000| PB 0x000000070a600000| Untracked 
|  47|0x000000070a800000, 0x000000070a800000, 0x000000070aa00000|  0%| F|  |TAMS 0x000000070a800000| PB 0x000000070a800000| Untracked 
|  48|0x000000070aa00000, 0x000000070aa00000, 0x000000070ac00000|  0%| F|  |TAMS 0x000000070aa00000| PB 0x000000070aa00000| Untracked 
|  49|0x000000070ac00000, 0x000000070ac00000, 0x000000070ae00000|  0%| F|  |TAMS 0x000000070ac00000| PB 0x000000070ac00000| Untracked 
|  50|0x000000070ae00000, 0x000000070ae00000, 0x000000070b000000|  0%| F|  |TAMS 0x000000070ae00000| PB 0x000000070ae00000| Untracked 
|  51|0x000000070b000000, 0x000000070b000000, 0x000000070b200000|  0%| F|  |TAMS 0x000000070b000000| PB 0x000000070b000000| Untracked 
|  52|0x000000070b200000, 0x000000070b200000, 0x000000070b400000|  0%| F|  |TAMS 0x000000070b200000| PB 0x000000070b200000| Untracked 
|  53|0x000000070b400000, 0x000000070b400000, 0x000000070b600000|  0%| F|  |TAMS 0x000000070b400000| PB 0x000000070b400000| Untracked 
|  54|0x000000070b600000, 0x000000070b600000, 0x000000070b800000|  0%| F|  |TAMS 0x000000070b600000| PB 0x000000070b600000| Untracked 
|  55|0x000000070b800000, 0x000000070b800000, 0x000000070ba00000|  0%| F|  |TAMS 0x000000070b800000| PB 0x000000070b800000| Untracked 
|  56|0x000000070ba00000, 0x000000070ba00000, 0x000000070bc00000|  0%| F|  |TAMS 0x000000070ba00000| PB 0x000000070ba00000| Untracked 
|  57|0x000000070bc00000, 0x000000070bc00000, 0x000000070be00000|  0%| F|  |TAMS 0x000000070bc00000| PB 0x000000070bc00000| Untracked 
|  58|0x000000070be00000, 0x000000070be00000, 0x000000070c000000|  0%| F|  |TAMS 0x000000070be00000| PB 0x000000070be00000| Untracked 
|  59|0x000000070c000000, 0x000000070c000000, 0x000000070c200000|  0%| F|  |TAMS 0x000000070c000000| PB 0x000000070c000000| Untracked 
|  60|0x000000070c200000, 0x000000070c200000, 0x000000070c400000|  0%| F|  |TAMS 0x000000070c200000| PB 0x000000070c200000| Untracked 
|  61|0x000000070c400000, 0x000000070c400000, 0x000000070c600000|  0%| F|  |TAMS 0x000000070c400000| PB 0x000000070c400000| Untracked 
|  62|0x000000070c600000, 0x000000070c600000, 0x000000070c800000|  0%| F|  |TAMS 0x000000070c600000| PB 0x000000070c600000| Untracked 
|  63|0x000000070c800000, 0x000000070c800000, 0x000000070ca00000|  0%| F|  |TAMS 0x000000070c800000| PB 0x000000070c800000| Untracked 
|  64|0x000000070ca00000, 0x000000070ca00000, 0x000000070cc00000|  0%| F|  |TAMS 0x000000070ca00000| PB 0x000000070ca00000| Untracked 
|  65|0x000000070cc00000, 0x000000070cc00000, 0x000000070ce00000|  0%| F|  |TAMS 0x000000070cc00000| PB 0x000000070cc00000| Untracked 
|  66|0x000000070ce00000, 0x000000070ce00000, 0x000000070d000000|  0%| F|  |TAMS 0x000000070ce00000| PB 0x000000070ce00000| Untracked 
|  67|0x000000070d000000, 0x000000070d000000, 0x000000070d200000|  0%| F|  |TAMS 0x000000070d000000| PB 0x000000070d000000| Untracked 
|  68|0x000000070d200000, 0x000000070d200000, 0x000000070d400000|  0%| F|  |TAMS 0x000000070d200000| PB 0x000000070d200000| Untracked 
|  69|0x000000070d400000, 0x000000070d400000, 0x000000070d600000|  0%| F|  |TAMS 0x000000070d400000| PB 0x000000070d400000| Untracked 
|  70|0x000000070d600000, 0x000000070d600000, 0x000000070d800000|  0%| F|  |TAMS 0x000000070d600000| PB 0x000000070d600000| Untracked 
|  71|0x000000070d800000, 0x000000070d800000, 0x000000070da00000|  0%| F|  |TAMS 0x000000070d800000| PB 0x000000070d800000| Untracked 
|  72|0x000000070da00000, 0x000000070da00000, 0x000000070dc00000|  0%| F|  |TAMS 0x000000070da00000| PB 0x000000070da00000| Untracked 
|  73|0x000000070dc00000, 0x000000070dc00000, 0x000000070de00000|  0%| F|  |TAMS 0x000000070dc00000| PB 0x000000070dc00000| Untracked 
|  74|0x000000070de00000, 0x000000070de00000, 0x000000070e000000|  0%| F|  |TAMS 0x000000070de00000| PB 0x000000070de00000| Untracked 
|  75|0x000000070e000000, 0x000000070e000000, 0x000000070e200000|  0%| F|  |TAMS 0x000000070e000000| PB 0x000000070e000000| Untracked 
|  76|0x000000070e200000, 0x000000070e200000, 0x000000070e400000|  0%| F|  |TAMS 0x000000070e200000| PB 0x000000070e200000| Untracked 
|  77|0x000000070e400000, 0x000000070e400000, 0x000000070e600000|  0%| F|  |TAMS 0x000000070e400000| PB 0x000000070e400000| Untracked 
|  78|0x000000070e600000, 0x000000070e600000, 0x000000070e800000|  0%| F|  |TAMS 0x000000070e600000| PB 0x000000070e600000| Untracked 
|  79|0x000000070e800000, 0x000000070e800000, 0x000000070ea00000|  0%| F|  |TAMS 0x000000070e800000| PB 0x000000070e800000| Untracked 
|  80|0x000000070ea00000, 0x000000070ea00000, 0x000000070ec00000|  0%| F|  |TAMS 0x000000070ea00000| PB 0x000000070ea00000| Untracked 
|  81|0x000000070ec00000, 0x000000070ec00000, 0x000000070ee00000|  0%| F|  |TAMS 0x000000070ec00000| PB 0x000000070ec00000| Untracked 
|  82|0x000000070ee00000, 0x000000070ee00000, 0x000000070f000000|  0%| F|  |TAMS 0x000000070ee00000| PB 0x000000070ee00000| Untracked 
|  83|0x000000070f000000, 0x000000070f000000, 0x000000070f200000|  0%| F|  |TAMS 0x000000070f000000| PB 0x000000070f000000| Untracked 
|  84|0x000000070f200000, 0x000000070f200000, 0x000000070f400000|  0%| F|  |TAMS 0x000000070f200000| PB 0x000000070f200000| Untracked 
|  85|0x000000070f400000, 0x000000070f400000, 0x000000070f600000|  0%| F|  |TAMS 0x000000070f400000| PB 0x000000070f400000| Untracked 
|  86|0x000000070f600000, 0x000000070f600000, 0x000000070f800000|  0%| F|  |TAMS 0x000000070f600000| PB 0x000000070f600000| Untracked 
|  87|0x000000070f800000, 0x000000070f800000, 0x000000070fa00000|  0%| F|  |TAMS 0x000000070f800000| PB 0x000000070f800000| Untracked 
|  88|0x000000070fa00000, 0x000000070fa00000, 0x000000070fc00000|  0%| F|  |TAMS 0x000000070fa00000| PB 0x000000070fa00000| Untracked 
|  89|0x000000070fc00000, 0x000000070fc00000, 0x000000070fe00000|  0%| F|  |TAMS 0x000000070fc00000| PB 0x000000070fc00000| Untracked 
|  90|0x000000070fe00000, 0x000000070fe00000, 0x0000000710000000|  0%| F|  |TAMS 0x000000070fe00000| PB 0x000000070fe00000| Untracked 
|  91|0x0000000710000000, 0x0000000710000000, 0x0000000710200000|  0%| F|  |TAMS 0x0000000710000000| PB 0x0000000710000000| Untracked 
|  92|0x0000000710200000, 0x0000000710200000, 0x0000000710400000|  0%| F|  |TAMS 0x0000000710200000| PB 0x0000000710200000| Untracked 
|  93|0x0000000710400000, 0x0000000710400000, 0x0000000710600000|  0%| F|  |TAMS 0x0000000710400000| PB 0x0000000710400000| Untracked 
|  94|0x0000000710600000, 0x0000000710600000, 0x0000000710800000|  0%| F|  |TAMS 0x0000000710600000| PB 0x0000000710600000| Untracked 
|  95|0x0000000710800000, 0x0000000710800000, 0x0000000710a00000|  0%| F|  |TAMS 0x0000000710800000| PB 0x0000000710800000| Untracked 
|  96|0x0000000710a00000, 0x0000000710a00000, 0x0000000710c00000|  0%| F|  |TAMS 0x0000000710a00000| PB 0x0000000710a00000| Untracked 
|  97|0x0000000710c00000, 0x0000000710c00000, 0x0000000710e00000|  0%| F|  |TAMS 0x0000000710c00000| PB 0x0000000710c00000| Untracked 
|  98|0x0000000710e00000, 0x0000000710e00000, 0x0000000711000000|  0%| F|  |TAMS 0x0000000710e00000| PB 0x0000000710e00000| Untracked 
|  99|0x0000000711000000, 0x0000000711000000, 0x0000000711200000|  0%| F|  |TAMS 0x0000000711000000| PB 0x0000000711000000| Untracked 
| 100|0x0000000711200000, 0x0000000711200000, 0x0000000711400000|  0%| F|  |TAMS 0x0000000711200000| PB 0x0000000711200000| Untracked 
| 101|0x0000000711400000, 0x0000000711400000, 0x0000000711600000|  0%| F|  |TAMS 0x0000000711400000| PB 0x0000000711400000| Untracked 
| 102|0x0000000711600000, 0x0000000711600000, 0x0000000711800000|  0%| F|  |TAMS 0x0000000711600000| PB 0x0000000711600000| Untracked 
| 103|0x0000000711800000, 0x0000000711800000, 0x0000000711a00000|  0%| F|  |TAMS 0x0000000711800000| PB 0x0000000711800000| Untracked 
| 104|0x0000000711a00000, 0x0000000711a00000, 0x0000000711c00000|  0%| F|  |TAMS 0x0000000711a00000| PB 0x0000000711a00000| Untracked 
| 105|0x0000000711c00000, 0x0000000711c00000, 0x0000000711e00000|  0%| F|  |TAMS 0x0000000711c00000| PB 0x0000000711c00000| Untracked 
| 106|0x0000000711e00000, 0x0000000711e00000, 0x0000000712000000|  0%| F|  |TAMS 0x0000000711e00000| PB 0x0000000711e00000| Untracked 
| 107|0x0000000712000000, 0x0000000712000000, 0x0000000712200000|  0%| F|  |TAMS 0x0000000712000000| PB 0x0000000712000000| Untracked 
| 108|0x0000000712200000, 0x0000000712200000, 0x0000000712400000|  0%| F|  |TAMS 0x0000000712200000| PB 0x0000000712200000| Untracked 
| 109|0x0000000712400000, 0x0000000712400000, 0x0000000712600000|  0%| F|  |TAMS 0x0000000712400000| PB 0x0000000712400000| Untracked 
| 110|0x0000000712600000, 0x0000000712600000, 0x0000000712800000|  0%| F|  |TAMS 0x0000000712600000| PB 0x0000000712600000| Untracked 
| 111|0x0000000712800000, 0x0000000712800000, 0x0000000712a00000|  0%| F|  |TAMS 0x0000000712800000| PB 0x0000000712800000| Untracked 
| 112|0x0000000712a00000, 0x0000000712a00000, 0x0000000712c00000|  0%| F|  |TAMS 0x0000000712a00000| PB 0x0000000712a00000| Untracked 
| 113|0x0000000712c00000, 0x0000000712c00000, 0x0000000712e00000|  0%| F|  |TAMS 0x0000000712c00000| PB 0x0000000712c00000| Untracked 
| 114|0x0000000712e00000, 0x0000000712e00000, 0x0000000713000000|  0%| F|  |TAMS 0x0000000712e00000| PB 0x0000000712e00000| Untracked 
| 115|0x0000000713000000, 0x0000000713000000, 0x0000000713200000|  0%| F|  |TAMS 0x0000000713000000| PB 0x0000000713000000| Untracked 
| 116|0x0000000713200000, 0x0000000713200000, 0x0000000713400000|  0%| F|  |TAMS 0x0000000713200000| PB 0x0000000713200000| Untracked 
| 117|0x0000000713400000, 0x0000000713400000, 0x0000000713600000|  0%| F|  |TAMS 0x0000000713400000| PB 0x0000000713400000| Untracked 
| 118|0x0000000713600000, 0x0000000713671298, 0x0000000713800000| 22%| E|  |TAMS 0x0000000713600000| PB 0x0000000713600000| Complete 
| 119|0x0000000713800000, 0x0000000713a00000, 0x0000000713a00000|100%| E|CS|TAMS 0x0000000713800000| PB 0x0000000713800000| Complete 
| 120|0x0000000713a00000, 0x0000000713c00000, 0x0000000713c00000|100%| E|CS|TAMS 0x0000000713a00000| PB 0x0000000713a00000| Complete 
| 121|0x0000000713c00000, 0x0000000713e00000, 0x0000000713e00000|100%| E|CS|TAMS 0x0000000713c00000| PB 0x0000000713c00000| Complete 
| 122|0x0000000713e00000, 0x0000000714000000, 0x0000000714000000|100%| E|CS|TAMS 0x0000000713e00000| PB 0x0000000713e00000| Complete 
| 123|0x0000000714000000, 0x0000000714200000, 0x0000000714200000|100%| E|CS|TAMS 0x0000000714000000| PB 0x0000000714000000| Complete 
| 124|0x0000000714200000, 0x0000000714400000, 0x0000000714400000|100%| E|CS|TAMS 0x0000000714200000| PB 0x0000000714200000| Complete 
| 125|0x0000000714400000, 0x0000000714600000, 0x0000000714600000|100%| E|CS|TAMS 0x0000000714400000| PB 0x0000000714400000| Complete 

Card table byte_map: [0x000001bc74fb0000,0x000001bc75790000] _byte_map_base: 0x000001bc7178b000

Marking Bits: (CMBitMap*) 0x000001bc61e63340
 Bits: [0x000001bc75790000, 0x000001bc79668000)

Polling page: 0x000001bc5fe10000

Metaspace:

Usage:
  Non-class:     13.75 MB used.
      Class:      1.63 MB used.
       Both:     15.38 MB used.

Virtual space:
  Non-class space:       64.00 MB reserved,      13.88 MB ( 22%) committed,  1 nodes.
      Class space:        1.00 GB reserved,       1.75 MB ( <1%) committed,  1 nodes.
             Both:        1.06 GB reserved,      15.62 MB (  1%) committed. 

Chunk freelists:
   Non-Class:  1.91 MB
       Class:  14.17 MB
        Both:  16.08 MB

MaxMetaspaceSize: unlimited
CompressedClassSpaceSize: 1.00 GB
Initial GC threshold: 21.00 MB
Current GC threshold: 21.00 MB
CDS: off
 - commit_granule_bytes: 65536.
 - commit_granule_words: 8192.
 - virtual_space_node_default_size: 8388608.
 - enlarge_chunks_in_place: 1.
 - use_allocation_guard: 0.


Internal statistics:

num_allocs_failed_limit: 0.
num_arena_births: 222.
num_arena_deaths: 0.
num_vsnodes_births: 2.
num_vsnodes_deaths: 0.
num_space_committed: 250.
num_space_uncommitted: 0.
num_chunks_returned_to_freelist: 0.
num_chunks_taken_from_freelist: 395.
num_chunk_merges: 0.
num_chunk_splits: 216.
num_chunks_enlarged: 94.
num_inconsistent_stats: 0.

CodeHeap 'non-profiled nmethods': size=119168Kb used=365Kb max_used=365Kb free=118802Kb
 bounds [0x000001bc6caf0000, 0x000001bc6cd60000, 0x000001bc73f50000]
CodeHeap 'profiled nmethods': size=119104Kb used=1948Kb max_used=1948Kb free=117155Kb
 bounds [0x000001bc64f50000, 0x000001bc651c0000, 0x000001bc6c3a0000]
CodeHeap 'non-nmethods': size=7488Kb used=2116Kb max_used=2137Kb free=5372Kb
 bounds [0x000001bc6c3a0000, 0x000001bc6c610000, 0x000001bc6caf0000]
 total_blobs=1665 nmethods=1153 adapters=416
 compilation: enabled
              stopped_count=0, restarted_count=0
 full_count=0

Compilation events (20 events):
Event: 0.359 Thread 0x000001bc7d28b390 nmethod 1117 0x000001bc6cb47610 code [0x000001bc6cb477c0, 0x000001bc6cb482b0]
Event: 0.359 Thread 0x000001bc7d285e70 nmethod 1136 0x000001bc6cb48510 code [0x000001bc6cb486c0, 0x000001bc6cb48c30]
Event: 0.360 Thread 0x000001bc7c900310 1145       3       sun.security.util.ArrayUtil::swap (15 bytes)
Event: 0.360 Thread 0x000001bc7c900310 nmethod 1145 0x000001bc65135690 code [0x000001bc65135840, 0x000001bc65135988]
Event: 0.361 Thread 0x000001bc7d28b390 1146       4       sun.security.ec.ECOperations$PointMultiplier::lookup (84 bytes)
Event: 0.363 Thread 0x000001bc7d285e70 1147       4       sun.security.ec.ECOperations::setDouble (463 bytes)
Event: 0.363 Thread 0x000001bc7c900310 1149       3       sun.security.util.math.intpoly.IntegerPolynomial::get0 (5 bytes)
Event: 0.363 Thread 0x000001bc7ca65a00 1148       3       sun.security.util.math.intpoly.IntegerPolynomial::get0 (10 bytes)
Event: 0.363 Thread 0x000001bc7c8ce6f0 nmethod 1138 0x000001bc6cb48d90 code [0x000001bc6cb48f80, 0x000001bc6cb49780]
Event: 0.363 Thread 0x000001bc7c900310 nmethod 1149 0x000001bc65135a90 code [0x000001bc65135c40, 0x000001bc65135f30]
Event: 0.363 Thread 0x000001bc7ca65a00 nmethod 1148 0x000001bc65136090 code [0x000001bc65136240, 0x000001bc65136448]
Event: 0.368 Thread 0x000001bc7c8ce6f0 1150       4       sun.security.util.math.intpoly.IntegerPolynomial$MutableElement::setAdditiveInverse (32 bytes)
Event: 0.369 Thread 0x000001bc7c8ce6f0 nmethod 1150 0x000001bc6cb49c10 code [0x000001bc6cb49da0, 0x000001bc6cb49f30]
Event: 0.371 Thread 0x000001bc7d28b390 nmethod 1146 0x000001bc6cb4a010 code [0x000001bc6cb4a200, 0x000001bc6cb4ab98]
Event: 0.375 Thread 0x000001bc7c900310 1151       3       sun.security.ec.ECOperations$PointMultiplier$Secp256R1GeneratorMultiplier::bit (13 bytes)
Event: 0.375 Thread 0x000001bc7c900310 nmethod 1151 0x000001bc65136590 code [0x000001bc65136720, 0x000001bc65136848]
Event: 0.376 Thread 0x000001bc7ca65a00 1152       1       java.security.Provider::getName (5 bytes)
Event: 0.376 Thread 0x000001bc7ca65a00 nmethod 1152 0x000001bc6cb4b210 code [0x000001bc6cb4b3a0, 0x000001bc6cb4b470]
Event: 0.376 Thread 0x000001bc7ca65a00 1153       3       java.lang.Enum::hashCode (21 bytes)
Event: 0.376 Thread 0x000001bc7ca65a00 nmethod 1153 0x000001bc65136910 code [0x000001bc65136ac0, 0x000001bc65136c48]

GC Heap History (0 events):
No events

Dll operation events (2 events):
Event: 0.003 Loaded shared library D:\Program Files\Android\Android Studio\jbr\bin\java.dll
Event: 0.006 Loaded shared library D:\Program Files\Android\Android Studio\jbr\bin\zip.dll

Deoptimization events (4 events):
Event: 0.222 Thread 0x000001bc5fc31cd0 DEOPT PACKING pc=0x000001bc64f6a6f8 sp=0x0000007c8c8fbf90
Event: 0.222 Thread 0x000001bc5fc31cd0 DEOPT UNPACKING pc=0x000001bc6c3f88e2 sp=0x0000007c8c8fb3b0 mode 0
Event: 0.230 Thread 0x000001bc5fc31cd0 DEOPT PACKING pc=0x000001bc64f69758 sp=0x0000007c8c8fc560
Event: 0.230 Thread 0x000001bc5fc31cd0 DEOPT UNPACKING pc=0x000001bc6c3f88e2 sp=0x0000007c8c8fb9c8 mode 0

Classes loaded (20 events):
Event: 0.342 Loading class sun/security/util/math/intpoly/IntegerPolynomialP521 done
Event: 0.342 Loading class sun/security/util/math/intpoly/P384OrderField
Event: 0.342 Loading class sun/security/util/math/intpoly/P384OrderField done
Event: 0.342 Loading class sun/security/util/math/intpoly/P521OrderField
Event: 0.342 Loading class sun/security/util/math/intpoly/P521OrderField done
Event: 0.343 Loading class java/security/interfaces/ECPrivateKey
Event: 0.343 Loading class java/security/interfaces/ECPrivateKey done
Event: 0.343 Loading class sun/security/util/ArrayUtil
Event: 0.343 Loading class sun/security/util/ArrayUtil done
Event: 0.343 Loading class java/util/ImmutableCollections$Map1
Event: 0.343 Loading class java/util/ImmutableCollections$Map1 done
Event: 0.345 Loading class sun/security/util/math/IntegerModuloP$MultiplicativeInverser$Secp256R1
Event: 0.345 Loading class sun/security/util/math/IntegerModuloP$MultiplicativeInverser$Secp256R1 done
Event: 0.375 Loading class java/security/interfaces/ECPublicKey
Event: 0.375 Loading class java/security/interfaces/ECPublicKey done
Event: 0.376 Loading class sun/security/ssl/KeyShareExtension$CHKeyShareSpec
Event: 0.376 Loading class sun/security/ssl/KeyShareExtension$CHKeyShareSpec done
Event: 0.376 Loading class sun/security/ssl/SSLEngineOutputRecord$HandshakeFragment
Event: 0.376 Loading class sun/security/ssl/SSLEngineOutputRecord$HandshakeFragment done
Event: 0.376 Loading class sun/security/ssl/SSLEngineOutputRecord$HandshakeMemo

Classes unloaded (0 events):
No events

Classes redefined (0 events):
No events

Internal exceptions (20 events):
Event: 0.223 Thread 0x000001bc5fc31cd0 Exception <a 'java/lang/NoSuchMethodError'{0x0000000713edecd8}: 'int java.lang.invoke.DirectMethodHandle$Holder.invokeVirtual(java.lang.Object, java.lang.Object)'> (0x0000000713edecd8) 
thrown [s\src\hotspot\share\interpreter\linkResolver.cpp, line 784]
Event: 0.223 Thread 0x000001bc5fc31cd0 Exception <a 'java/lang/NoSuchMethodError'{0x0000000713ee2f40}: 'int java.lang.invoke.DirectMethodHandle$Holder.invokeStaticInit(java.lang.Object, int, int)'> (0x0000000713ee2f40) 
thrown [s\src\hotspot\share\interpreter\linkResolver.cpp, line 784]
Event: 0.223 Thread 0x000001bc5fc31cd0 Exception <a 'java/lang/NoSuchMethodError'{0x0000000713eea6e8}: 'int java.lang.invoke.DirectMethodHandle$Holder.invokeStaticInit(java.lang.Object, long, long)'> (0x0000000713eea6e8) 
thrown [s\src\hotspot\share\interpreter\linkResolver.cpp, line 784]
Event: 0.224 Thread 0x000001bc5fc31cd0 Exception <a 'java/lang/NoSuchMethodError'{0x0000000713ef1128}: 'int java.lang.invoke.DirectMethodHandle$Holder.invokeStaticInit(java.lang.Object, float, float)'> (0x0000000713ef1128) 
thrown [s\src\hotspot\share\interpreter\linkResolver.cpp, line 784]
Event: 0.224 Thread 0x000001bc5fc31cd0 Exception <a 'java/lang/NoSuchMethodError'{0x0000000713ef7a38}: 'int java.lang.invoke.DirectMethodHandle$Holder.invokeStaticInit(java.lang.Object, double, double)'> (0x0000000713ef7a38) 
thrown [s\src\hotspot\share\interpreter\linkResolver.cpp, line 784]
Event: 0.224 Thread 0x000001bc5fc31cd0 Exception <a 'java/lang/NoSuchMethodError'{0x0000000713efbec0}: 'int java.lang.invoke.DirectMethodHandle$Holder.invokeStatic(java.lang.Object, long)'> (0x0000000713efbec0) 
thrown [s\src\hotspot\share\interpreter\linkResolver.cpp, line 784]
Event: 0.227 Thread 0x000001bc5fc31cd0 Exception <a 'java/lang/NoSuchMethodError'{0x0000000713f27d40}: 'java.lang.Object java.lang.invoke.DelegatingMethodHandle$Holder.delegate(java.lang.Object, int, java.lang.Object, java.lang.Object)'> (0x0000000713f27d40) 
thrown [s\src\hotspot\share\interpreter\linkResolver.cpp, line 784]
Event: 0.228 Thread 0x000001bc5fc31cd0 Exception <a 'java/lang/NoSuchMethodError'{0x0000000713f36e50}: 'int java.lang.invoke.Invokers$Holder.linkToTargetMethod(java.lang.Object, java.lang.Object, java.lang.Object)'> (0x0000000713f36e50) 
thrown [s\src\hotspot\share\interpreter\linkResolver.cpp, line 784]
Event: 0.230 Thread 0x000001bc5fc31cd0 Exception <a 'java/lang/NoSuchMethodError'{0x0000000713f65ce8}: 'long java.lang.invoke.DirectMethodHandle$Holder.invokeSpecial(java.lang.Object, java.lang.Object)'> (0x0000000713f65ce8) 
thrown [s\src\hotspot\share\interpreter\linkResolver.cpp, line 784]
Event: 0.230 Thread 0x000001bc5fc31cd0 Exception <a 'java/lang/NoSuchMethodError'{0x0000000713f6c3e8}: 'int java.lang.invoke.DirectMethodHandle$Holder.invokeStatic(java.lang.Object, java.lang.Object, java.lang.Object, java.lang.Object)'> (0x0000000713f6c3e8) 
thrown [s\src\hotspot\share\interpreter\linkResolver.cpp, line 784]
Event: 0.230 Thread 0x000001bc5fc31cd0 Exception <a 'java/lang/NoSuchMethodError'{0x0000000713f6f7b8}: 'java.lang.Object java.lang.invoke.Invokers$Holder.invokeExact_MT(java.lang.Object, java.lang.Object, java.lang.Object, java.lang.Object, java.lang.Object, java.lang.Object)'> (0x0000000713f6f7b8) 
thrown [s\src\hotspot\share\interpreter\linkResolver.cpp, line 784]
Event: 0.284 Thread 0x000001bc5fc31cd0 Exception <a 'java/lang/NoSuchMethodError'{0x0000000713d3ff08}: 'java.lang.Object java.lang.invoke.DirectMethodHandle$Holder.newInvokeSpecial(java.lang.Object, java.lang.Object, java.lang.Object, java.lang.Object, java.lang.Object)'> (0x0000000713d3ff08) 
thrown [s\src\hotspot\share\interpreter\linkResolver.cpp, line 784]
Event: 0.300 Thread 0x000001bc5fc31cd0 Exception <a 'java/lang/NoSuchMethodError'{0x0000000713b02130}: 'java.lang.Object java.lang.invoke.DirectMethodHandle$Holder.invokeSpecial(java.lang.Object, java.lang.Object, java.lang.Object, java.lang.Object, int)'> (0x0000000713b02130) 
thrown [s\src\hotspot\share\interpreter\linkResolver.cpp, line 784]
Event: 0.300 Thread 0x000001bc5fc31cd0 Exception <a 'java/lang/NoSuchMethodError'{0x0000000713b05a78}: 'java.lang.Object java.lang.invoke.Invokers$Holder.linkToTargetMethod(java.lang.Object, java.lang.Object, int, java.lang.Object)'> (0x0000000713b05a78) 
thrown [s\src\hotspot\share\interpreter\linkResolver.cpp, line 784]
Event: 0.304 Thread 0x000001bc5fc31cd0 Exception <a 'java/lang/NoSuchMethodError'{0x0000000713b30750}: 'void java.lang.invoke.DirectMethodHandle$Holder.invokeSpecial(java.lang.Object, java.lang.Object, java.lang.Object)'> (0x0000000713b30750) 
thrown [s\src\hotspot\share\interpreter\linkResolver.cpp, line 784]
Event: 0.311 Thread 0x000001bc5fc31cd0 Exception <a 'java/lang/NoSuchMethodError'{0x0000000713ba7368}: 'void java.lang.invoke.DirectMethodHandle$Holder.invokeSpecial(java.lang.Object, java.lang.Object, java.lang.Object, java.lang.Object, java.lang.Object)'> (0x0000000713ba7368) 
thrown [s\src\hotspot\share\interpreter\linkResolver.cpp, line 784]
Event: 0.311 Thread 0x000001bc7d145430 Exception <a 'java/lang/NoSuchMethodError'{0x0000000713d88050}: 'void java.lang.invoke.DirectMethodHandle$Holder.invokeStatic(java.lang.Object, java.lang.Object, int)'> (0x0000000713d88050) 
thrown [s\src\hotspot\share\interpreter\linkResolver.cpp, line 784]
Event: 0.316 Thread 0x000001bc7d145430 Exception <a 'java/lang/NoSuchMethodError'{0x0000000713dc0290}: 'void java.lang.invoke.DirectMethodHandle$Holder.invokeStatic(java.lang.Object, java.lang.Object)'> (0x0000000713dc0290) 
thrown [s\src\hotspot\share\interpreter\linkResolver.cpp, line 784]
Event: 0.316 Thread 0x000001bc7d198ad0 Exception <a 'java/lang/NoSuchMethodError'{0x0000000713bfd218}: 'void java.lang.invoke.DirectMethodHandle$Holder.invokeInterface(java.lang.Object, java.lang.Object, java.lang.Object)'> (0x0000000713bfd218) 
thrown [s\src\hotspot\share\interpreter\linkResolver.cpp, line 784]
Event: 0.320 Thread 0x000001bc7d198ad0 Exception <a 'java/lang/NoSuchMethodError'{0x0000000713846700}: 'void java.lang.invoke.DirectMethodHandle$Holder.invokeVirtual(java.lang.Object, java.lang.Object)'> (0x0000000713846700) 
thrown [s\src\hotspot\share\interpreter\linkResolver.cpp, line 784]

ZGC Phase Switch (0 events):
No events

VM Operations (8 events):
Event: 0.067 Executing VM operation: HandshakeAllThreads (Deoptimize)
Event: 0.067 Executing VM operation: HandshakeAllThreads (Deoptimize) done
Event: 0.073 Executing VM operation: HandshakeAllThreads (Deoptimize)
Event: 0.073 Executing VM operation: HandshakeAllThreads (Deoptimize) done
Event: 0.172 Executing VM operation: HandshakeAllThreads (Deoptimize)
Event: 0.172 Executing VM operation: HandshakeAllThreads (Deoptimize) done
Event: 0.313 Executing VM operation: HandshakeAllThreads (Deoptimize)
Event: 0.313 Executing VM operation: HandshakeAllThreads (Deoptimize) done

Events (20 events):
Event: 0.034 Thread 0x000001bc7c8c8e00 Thread added: 0x000001bc7c8c8e00
Event: 0.034 Thread 0x000001bc7c8c9a70 Thread added: 0x000001bc7c8c9a70
Event: 0.034 Thread 0x000001bc7c8caae0 Thread added: 0x000001bc7c8caae0
Event: 0.034 Thread 0x000001bc7c8cb950 Thread added: 0x000001bc7c8cb950
Event: 0.034 Thread 0x000001bc7c8ce6f0 Thread added: 0x000001bc7c8ce6f0
Event: 0.034 Thread 0x000001bc7c900310 Thread added: 0x000001bc7c900310
Event: 0.048 Thread 0x000001bc7ca65a00 Thread added: 0x000001bc7ca65a00
Event: 0.051 Thread 0x000001bc7caad080 Thread added: 0x000001bc7caad080
Event: 0.054 Thread 0x000001bc7cac13a0 Thread added: 0x000001bc7cac13a0
Event: 0.058 Loaded shared library D:\Program Files\Android\Android Studio\jbr\bin\net.dll
Event: 0.059 Loaded shared library D:\Program Files\Android\Android Studio\jbr\bin\nio.dll
Event: 0.063 Loaded shared library D:\Program Files\Android\Android Studio\jbr\bin\zip.dll
Event: 0.105 Loaded shared library D:\Program Files\Android\Android Studio\jbr\bin\jimage.dll
Event: 0.278 Loaded shared library D:\Program Files\Android\Android Studio\jbr\bin\extnet.dll
Event: 0.281 Thread 0x000001bc7d145430 Thread added: 0x000001bc7d145430
Event: 0.315 Thread 0x000001bc7d198ad0 Thread added: 0x000001bc7d198ad0
Event: 0.323 Thread 0x000001bc7d1aed20 Thread added: 0x000001bc7d1aed20
Event: 0.346 Thread 0x000001bc7d22b950 Thread added: 0x000001bc7d22b950
Event: 0.347 Thread 0x000001bc7d285e70 Thread added: 0x000001bc7d285e70
Event: 0.348 Thread 0x000001bc7d28b390 Thread added: 0x000001bc7d28b390


Dynamic libraries:
0x00007ff748d70000 - 0x00007ff748d7a000 	D:\Program Files\Android\Android Studio\jbr\bin\java.exe
0x00007ff99dd70000 - 0x00007ff99df68000 	C:\Windows\SYSTEM32\ntdll.dll
0x00007ff99c2d0000 - 0x00007ff99c392000 	C:\Windows\System32\KERNEL32.DLL
0x00007ff99b520000 - 0x00007ff99b81f000 	C:\Windows\System32\KERNELBASE.dll
0x00007ff99b820000 - 0x00007ff99b920000 	C:\Windows\System32\ucrtbase.dll
0x00007ff991750000 - 0x00007ff991768000 	D:\Program Files\Android\Android Studio\jbr\bin\jli.dll
0x00007ff995040000 - 0x00007ff99505b000 	D:\Program Files\Android\Android Studio\jbr\bin\VCRUNTIME140.dll
0x00007ff99c090000 - 0x00007ff99c22d000 	C:\Windows\System32\USER32.dll
0x00007ff99b920000 - 0x00007ff99b942000 	C:\Windows\System32\win32u.dll
0x00007ff9821f0000 - 0x00007ff98248a000 	C:\Windows\WinSxS\amd64_microsoft.windows.common-controls_6595b64144ccf1df_6.0.19041.4355_none_60b8b9eb71f62e16\COMCTL32.dll
0x00007ff99bf40000 - 0x00007ff99bf6b000 	C:\Windows\System32\GDI32.dll
0x00007ff99c230000 - 0x00007ff99c2ce000 	C:\Windows\System32\msvcrt.dll
0x00007ff99b950000 - 0x00007ff99ba6a000 	C:\Windows\System32\gdi32full.dll
0x00007ff99b410000 - 0x00007ff99b4ad000 	C:\Windows\System32\msvcp_win.dll
0x00007ff99c4d0000 - 0x00007ff99c4ff000 	C:\Windows\System32\IMM32.DLL
0x00007ff995190000 - 0x00007ff99519c000 	D:\Program Files\Android\Android Studio\jbr\bin\vcruntime140_1.dll
0x00007ff9085d0000 - 0x00007ff90865d000 	D:\Program Files\Android\Android Studio\jbr\bin\msvcp140.dll
0x00007ff9161d0000 - 0x00007ff916e4d000 	D:\Program Files\Android\Android Studio\jbr\bin\server\jvm.dll
0x00007ff99d1f0000 - 0x00007ff99d29f000 	C:\Windows\System32\ADVAPI32.dll
0x00007ff99c6b0000 - 0x00007ff99c74f000 	C:\Windows\System32\sechost.dll
0x00007ff99c3a0000 - 0x00007ff99c4c3000 	C:\Windows\System32\RPCRT4.dll
0x00007ff99ba70000 - 0x00007ff99ba97000 	C:\Windows\System32\bcrypt.dll
0x00007ff99c500000 - 0x00007ff99c56b000 	C:\Windows\System32\WS2_32.dll
0x00007ff99a950000 - 0x00007ff99a99b000 	C:\Windows\SYSTEM32\POWRPROF.dll
0x00007ff9909f0000 - 0x00007ff9909fa000 	C:\Windows\SYSTEM32\VERSION.dll
0x00007ff98cff0000 - 0x00007ff98d017000 	C:\Windows\SYSTEM32\WINMM.dll
0x00007ff99a810000 - 0x00007ff99a822000 	C:\Windows\SYSTEM32\UMPDC.dll
0x00007ff999c30000 - 0x00007ff999c42000 	C:\Windows\SYSTEM32\kernel.appcore.dll
0x00007ff994cc0000 - 0x00007ff994cca000 	D:\Program Files\Android\Android Studio\jbr\bin\jimage.dll
0x00007ff999180000 - 0x00007ff999364000 	C:\Windows\SYSTEM32\DBGHELP.DLL
0x00007ff97f540000 - 0x00007ff97f574000 	C:\Windows\SYSTEM32\dbgcore.DLL
0x00007ff99baf0000 - 0x00007ff99bb72000 	C:\Windows\System32\bcryptPrimitives.dll
0x00007ff97b3a0000 - 0x00007ff97b3bf000 	D:\Program Files\Android\Android Studio\jbr\bin\java.dll
0x00007ff975040000 - 0x00007ff975058000 	D:\Program Files\Android\Android Studio\jbr\bin\zip.dll
0x00007ff99d5c0000 - 0x00007ff99dd2d000 	C:\Windows\System32\SHELL32.dll
0x00007ff999470000 - 0x00007ff999c14000 	C:\Windows\SYSTEM32\windows.storage.dll
0x00007ff99cdd0000 - 0x00007ff99d125000 	C:\Windows\System32\combase.dll
0x00007ff99ae40000 - 0x00007ff99ae6f000 	C:\Windows\SYSTEM32\Wldp.dll
0x00007ff99d4f0000 - 0x00007ff99d5bd000 	C:\Windows\System32\OLEAUT32.dll
0x00007ff99cbd0000 - 0x00007ff99cc7d000 	C:\Windows\System32\SHCORE.dll
0x00007ff99d130000 - 0x00007ff99d185000 	C:\Windows\System32\shlwapi.dll
0x00007ff99b340000 - 0x00007ff99b364000 	C:\Windows\SYSTEM32\profapi.dll
0x00007ff990b70000 - 0x00007ff990b80000 	D:\Program Files\Android\Android Studio\jbr\bin\net.dll
0x00007ff98f550000 - 0x00007ff98f65a000 	C:\Windows\SYSTEM32\WINHTTP.dll
0x00007ff99aba0000 - 0x00007ff99ac0c000 	C:\Windows\system32\mswsock.dll
0x00007ff975020000 - 0x00007ff975036000 	D:\Program Files\Android\Android Studio\jbr\bin\nio.dll
0x00007ff99ada0000 - 0x00007ff99adb8000 	C:\Windows\SYSTEM32\CRYPTSP.dll
0x00007ff99a450000 - 0x00007ff99a484000 	C:\Windows\system32\rsaenh.dll
0x00007ff99b2c0000 - 0x00007ff99b2ee000 	C:\Windows\SYSTEM32\USERENV.dll
0x00007ff99ad90000 - 0x00007ff99ad9c000 	C:\Windows\SYSTEM32\CRYPTBASE.dll
0x00007ff99a830000 - 0x00007ff99a86b000 	C:\Windows\SYSTEM32\IPHLPAPI.DLL
0x00007ff99d4e0000 - 0x00007ff99d4e8000 	C:\Windows\System32\NSI.dll
0x00007ff961b80000 - 0x00007ff961b87000 	C:\Windows\system32\wshunix.dll
0x00007ff976df0000 - 0x00007ff976df9000 	D:\Program Files\Android\Android Studio\jbr\bin\extnet.dll

dbghelp: loaded successfully - version: 4.0.5 - missing functions: none
symbol engine: initialized successfully - sym options: 0x614 - pdb path: .;D:\Program Files\Android\Android Studio\jbr\bin;C:\Windows\SYSTEM32;C:\Windows\WinSxS\amd64_microsoft.windows.common-controls_6595b64144ccf1df_6.0.19041.4355_none_60b8b9eb71f62e16;D:\Program Files\Android\Android Studio\jbr\bin\server

VM Arguments:
java_command: git4idea.http.GitAskPassApp Username for 'https://github.com': 
java_class_path (initial): D:/Program Files/Android/Android Studio/plugins/vcs-git/lib/git4idea-rt.jar;D:/Program Files/Android/Android Studio/lib/externalProcess-rt.jar
Launcher Type: SUN_STANDARD

[Global flags]
     intx CICompilerCount                          = 12                                        {product} {ergonomic}
     uint ConcGCThreads                            = 3                                         {product} {ergonomic}
     uint G1ConcRefinementThreads                  = 13                                        {product} {ergonomic}
   size_t G1HeapRegionSize                         = 2097152                                   {product} {ergonomic}
    uintx GCDrainStackTargetSize                   = 64                                        {product} {ergonomic}
   size_t InitialHeapSize                          = 264241152                                 {product} {ergonomic}
   size_t MarkStackSize                            = 4194304                                   {product} {ergonomic}
   size_t MaxHeapSize                              = 4217372672                                {product} {ergonomic}
   size_t MaxNewSize                               = 2529165312                                {product} {ergonomic}
   size_t MinHeapDeltaBytes                        = 2097152                                   {product} {ergonomic}
   size_t MinHeapSize                              = 8388608                                   {product} {ergonomic}
    uintx NonNMethodCodeHeapSize                   = 7602480                                {pd product} {ergonomic}
    uintx NonProfiledCodeHeapSize                  = 122027880                              {pd product} {ergonomic}
    uintx ProfiledCodeHeapSize                     = 122027880                              {pd product} {ergonomic}
    uintx ReservedCodeCacheSize                    = 251658240                              {pd product} {ergonomic}
     bool SegmentedCodeCache                       = true                                      {product} {ergonomic}
   size_t SoftMaxHeapSize                          = 4217372672                             {manageable} {ergonomic}
     bool UseCompressedOops                        = true                           {product lp64_product} {ergonomic}
     bool UseG1GC                                  = true                                      {product} {ergonomic}
     bool UseLargePagesIndividualAllocation        = false                                  {pd product} {ergonomic}

Logging:
Log output configuration:
 #0: stdout all=warning uptime,level,tags foldmultilines=false
 #1: stderr all=off uptime,level,tags foldmultilines=false

Environment Variables:
PATH=C:\Program Files\Git\mingw64\libexec\git-core;C:\Program Files\Git\mingw64\libexec\git-core;C:\Program Files\Git\mingw64\bin;C:\Program Files\Git\usr\bin;C:\Users\Admin\bin;C:\Program Files\Common Files\Oracle\Java\javapath;C:\Python312\Scripts;C:\Python312;C:\ProgramData\Oracle\Java\javapath;C:\Windows\system32;C:\Windows;C:\Windows\System32\Wbem;C:\Windows\System32\WindowsPowerShell\v1.0;C:\Windows\System32\OpenSSH;C:\Program Files\dotnet;C:\msys64\mingw64\bin;C:\Program Files\Git\cmd;C:\ProgramData\chocolatey\bin;D:\Node.js;C:\Program Files (x86)\NVIDIA Corporation\PhysX\Common;C:\Program Files\Java\jdk-23\bin;C:\Program Files\NVIDIA Corporation\NVIDIA app\NvDLISR;C:\Program Files\Cloudflare\Cloudflare WARP;C:\Users\Admin\AppData\Local\Programs\Python\Python311\Scripts;C:\Users\Admin\AppData\Local\Programs\Python\Python311;C:\msys64\home\Admin\.splashkit;C:\msys64\home\Admin\.splashkit\lib\win64;C:\msys64\home\Admin\.splashkit\lib;C:\Windows\System32;C:\Windows;C:\Windows\System32\Wbem;C:\Windows\System32\WindowsPowerShell\v1.0;C:\Users\Admin\AppData\Local\Programs\Microsoft VS Code\bin;C:\Users\Admin\.dotnet\tools;D:\PhpStorm 2023.3.2\bin;C:\Users\Admin\AppData\Roaming\npm
USERNAME=Admin
DISPLAY=:0.0
LC_ALL=en_US.UTF-8
TERM=xterm-256color
TMPDIR=C:\Users\Admin\AppData\Local\Temp
OS=Windows_NT
PROCESSOR_IDENTIFIER=Intel64 Family 6 Model 141 Stepping 1, GenuineIntel
TMP=C:\Users\Admin\AppData\Local\Temp
TEMP=C:\Users\Admin\AppData\Local\Temp




Periodic native trim disabled

JNI global refs:
JNI global refs: 28, weak refs: 0

JNI global refs memory usage: 835, weak refs: 833

Process memory usage:
Resident Set Size: 74544K (0% of 16471548K total physical memory with 1007916K free physical memory)

OOME stack traces (most recent first):
Classloader memory used:
Loader bootstrap                                                                       : 14249K
Loader jdk.internal.loader.ClassLoaders$PlatformClassLoader                            : 1482K
Loader jdk.internal.loader.ClassLoaders$AppClassLoader                                 : 16408B

---------------  S Y S T E M  ---------------

OS:
 Windows 10 , 64 bit Build 19041 (10.0.19041.5438)
OS uptime: 0 days 0:56 hours

CPU: total 16 (initial active 16) (8 cores per cpu, 2 threads per core) family 6 model 141 stepping 1 microcode 0x32, cx8, cmov, fxsr, ht, mmx, 3dnowpref, sse, sse2, sse3, ssse3, sse4.1, sse4.2, popcnt, lzcnt, tsc, tscinvbit, avx, avx2, aes, erms, clmul, bmi1, bmi2, adx, avx512f, avx512dq, avx512cd, avx512bw, avx512vl, sha, fma, vzeroupper, avx512_vpopcntdq, avx512_vpclmulqdq, avx512_vaes, avx512_vnni, clflush, clflushopt, clwb, avx512_vbmi2, avx512_vbmi, rdtscp, rdpid, fsrm, gfni, avx512_bitalg, f16c, pku, cet_ibt, cet_ss, avx512_ifma
Processor Information for all 16 processors :
  Max Mhz: 2304, Current Mhz: 2304, Mhz Limit: 2304

Memory: 4k page, system-wide physical 16085M (984M free)
TotalPageFile size 22216M (AvailPageFile size 6M)
current process WorkingSet (physical memory assigned to process): 72M, peak: 72M
current process commit charge ("private bytes"): 361M, peak: 363M

vm_info: OpenJDK 64-Bit Server VM (21.0.3+-12282718-b509.11) for windows-amd64 JRE (21.0.3+-12282718-b509.11), built on 2024-08-27T17:34:15Z by "builder" with MS VC++ 16.10 / 16.11 (VS2019)

END.
